# JRE version: OpenJDK Runtime Environment (11.0.10) (build 11.0.10+0-b96-7249189)
# Java VM: OpenJDK 64-Bit Server VM (11.0.10+0-b96-7249189, mixed mode, tiered, compressed oops, g1 gc, windows-amd64)
Heap:
 garbage-first heap   total 152576K, used 87010K [0x00000000c8a00000, 0x0000000100000000)
  region size 1024K, 10 young (10240K), 2 survivors (2048K)
 Metaspace       used 60359K, capacity 61099K, committed 61184K, reserved 1103872K
  class space    used 6613K, capacity 6907K, committed 6912K, reserved 1048576K
GC Heap History (20 events):
Event: 18.323 GC heap before
{Heap before GC invocations=29 (full 0):
 garbage-first heap   total 83968K, used 64916K [0x00000000c8a00000, 0x0000000100000000)
  region size 1024K, 15 young (15360K), 2 survivors (2048K)
 Metaspace       used 55529K, capacity 56236K, committed 56448K, reserved 1099776K
  class space    used 6247K, capacity 6486K, committed 6528K, reserved 1048576K
}
Event: 18.348 GC heap after
{Heap after GC invocations=30 (full 0):
 garbage-first heap   total 101376K, used 54942K [0x00000000c8a00000, 0x0000000100000000)
  region size 1024K, 2 young (2048K), 2 survivors (2048K)
 Metaspace       used 55529K, capacity 56236K, committed 56448K, reserved 1099776K
  class space    used 6247K, capacity 6486K, committed 6528K, reserved 1048576K
}
Event: 18.803 GC heap before
{Heap before GC invocations=30 (full 0):
 garbage-first heap   total 101376K, used 72350K [0x00000000c8a00000, 0x0000000100000000)
  region size 1024K, 19 young (19456K), 2 survivors (2048K)
 Metaspace       used 56373K, capacity 57089K, committed 57344K, reserved 1099776K
  class space    used 6297K, capacity 6556K, committed 6656K, reserved 1048576K
}
Event: 18.826 GC heap after
{Heap after GC invocations=31 (full 0):
 garbage-first heap   total 101376K, used 58633K [0x00000000c8a00000, 0x0000000100000000)
  region size 1024K, 3 young (3072K), 3 survivors (3072K)
 Metaspace       used 56373K, capacity 57089K, committed 57344K, reserved 1099776K
  class space    used 6297K, capacity 6556K, committed 6656K, reserved 1048576K
}
Event: 19.249 GC heap before
{Heap before GC invocations=32 (full 0):
 garbage-first heap   total 101376K, used 75017K [0x00000000c8a00000, 0x0000000100000000)
  region size 1024K, 19 young (19456K), 3 survivors (3072K)
 Metaspace       used 56597K, capacity 57283K, committed 57600K, reserved 1099776K
  class space    used 6306K, capacity 6556K, committed 6656K, reserved 1048576K
}
Event: 19.272 GC heap after
{Heap after GC invocations=33 (full 0):
 garbage-first heap   total 101376K, used 61940K [0x00000000c8a00000, 0x0000000100000000)
  region size 1024K, 3 young (3072K), 3 survivors (3072K)
 Metaspace       used 56597K, capacity 57283K, committed 57600K, reserved 1099776K
  class space    used 6306K, capacity 6556K, committed 6656K, reserved 1048576K
}
Event: 19.519 GC heap before
{Heap before GC invocations=33 (full 0):
 garbage-first heap   total 101376K, used 77300K [0x00000000c8a00000, 0x0000000100000000)
  region size 1024K, 18 young (18432K), 3 survivors (3072K)
 Metaspace       used 56788K, capacity 57454K, committed 57600K, reserved 1099776K
  class space    used 6322K, capacity 6592K, committed 6656K, reserved 1048576K
}
Event: 19.547 GC heap after
{Heap after GC invocations=34 (full 0):
 garbage-first heap   total 101376K, used 64635K [0x00000000c8a00000, 0x0000000100000000)
  region size 1024K, 3 young (3072K), 3 survivors (3072K)
 Metaspace       used 56788K, capacity 57454K, committed 57600K, reserved 1099776K
  class space    used 6322K, capacity 6592K, committed 6656K, reserved 1048576K
}
Event: 19.781 GC heap before
{Heap before GC invocations=34 (full 0):
 garbage-first heap   total 101376K, used 78971K [0x00000000c8a00000, 0x0000000100000000)
  region size 1024K, 17 young (17408K), 3 survivors (3072K)
 Metaspace       used 56856K, capacity 57518K, committed 57600K, reserved 1099776K
  class space    used 6323K, capacity 6592K, committed 6656K, reserved 1048576K
}
Event: 19.808 GC heap after
{Heap after GC invocations=35 (full 0):
 garbage-first heap   total 126976K, used 67368K [0x00000000c8a00000, 0x0000000100000000)
  region size 1024K, 3 young (3072K), 3 survivors (3072K)
 Metaspace       used 56856K, capacity 57518K, committed 57600K, reserved 1099776K
  class space    used 6323K, capacity 6592K, committed 6656K, reserved 1048576K
}
Event: 20.007 GC heap before
{Heap before GC invocations=36 (full 0):
 garbage-first heap   total 126976K, used 88872K [0x00000000c8a00000, 0x0000000100000000)
  region size 1024K, 24 young (24576K), 3 survivors (3072K)
 Metaspace       used 56907K, capacity 57582K, committed 57856K, reserved 1099776K
  class space    used 6323K, capacity 6592K, committed 6656K, reserved 1048576K
}
Event: 20.027 GC heap after
{Heap after GC invocations=37 (full 0):
 garbage-first heap   total 126976K, used 71173K [0x00000000c8a00000, 0x0000000100000000)
  region size 1024K, 3 young (3072K), 3 survivors (3072K)
 Metaspace       used 56907K, capacity 57582K, committed 57856K, reserved 1099776K
  class space    used 6323K, capacity 6592K, committed 6656K, reserved 1048576K
}
Event: 20.151 GC heap before
{Heap before GC invocations=37 (full 0):
 garbage-first heap   total 126976K, used 92677K [0x00000000c8a00000, 0x0000000100000000)
  region size 1024K, 24 young (24576K), 3 survivors (3072K)
 Metaspace       used 56920K, capacity 57582K, committed 57856K, reserved 1099776K
  class space    used 6323K, capacity 6592K, committed 6656K, reserved 1048576K
}
Event: 20.169 GC heap after
{Heap after GC invocations=38 (full 0):
 garbage-first heap   total 126976K, used 75046K [0x00000000c8a00000, 0x0000000100000000)
  region size 1024K, 3 young (3072K), 3 survivors (3072K)
 Metaspace       used 56920K, capacity 57582K, committed 57856K, reserved 1099776K
  class space    used 6323K, capacity 6592K, committed 6656K, reserved 1048576K
}
Event: 20.768 GC heap before
{Heap before GC invocations=39 (full 0):
 garbage-first heap   total 126976K, used 95526K [0x00000000c8a00000, 0x0000000100000000)
  region size 1024K, 23 young (23552K), 3 survivors (3072K)
 Metaspace       used 58297K, capacity 59023K, committed 59392K, reserved 1101824K
  class space    used 6507K, capacity 6795K, committed 6912K, reserved 1048576K
}
Event: 20.787 GC heap after
{Heap after GC invocations=40 (full 0):
 garbage-first heap   total 126976K, used 78172K [0x00000000c8a00000, 0x0000000100000000)
  region size 1024K, 3 young (3072K), 3 survivors (3072K)
 Metaspace       used 58297K, capacity 59023K, committed 59392K, reserved 1101824K
  class space    used 6507K, capacity 6795K, committed 6912K, reserved 1048576K
}
Event: 21.269 GC heap before
{Heap before GC invocations=40 (full 0):
 garbage-first heap   total 126976K, used 98652K [0x00000000c8a00000, 0x0000000100000000)
  region size 1024K, 23 young (23552K), 3 survivors (3072K)
 Metaspace       used 58790K, capacity 59474K, committed 59648K, reserved 1101824K
  class space    used 6511K, capacity 6795K, committed 6912K, reserved 1048576K
}
Event: 21.282 GC heap after
{Heap after GC invocations=41 (full 0):
 garbage-first heap   total 152576K, used 79152K [0x00000000c8a00000, 0x0000000100000000)
  region size 1024K, 1 young (1024K), 1 survivors (1024K)
 Metaspace       used 58790K, capacity 59474K, committed 59648K, reserved 1101824K
  class space    used 6511K, capacity 6795K, committed 6912K, reserved 1048576K
}
Event: 22.149 GC heap before
{Heap before GC invocations=42 (full 0):
 garbage-first heap   total 152576K, used 107824K [0x00000000c8a00000, 0x0000000100000000)
  region size 1024K, 29 young (29696K), 1 survivors (1024K)
 Metaspace       used 59934K, capacity 60688K, committed 60928K, reserved 1103872K
  class space    used 6598K, capacity 6902K, committed 6912K, reserved 1048576K
}
Event: 22.159 GC heap after
{Heap after GC invocations=43 (full 0):
 garbage-first heap   total 152576K, used 79842K [0x00000000c8a00000, 0x0000000100000000)
  region size 1024K, 2 young (2048K), 2 survivors (2048K)
 Metaspace       used 59934K, capacity 60688K, committed 60928K, reserved 1103872K
  class space    used 6598K, capacity 6902K, committed 6912K, reserved 1048576K
}

